Build started 8/17/2011 11:58:12 AM.
     1>Project "C:\temp\GetOSVersion\GetOSVersion\GetOSVersion.vcxproj" on node 2 (build target(s)).
     1>PrepareForBuild:
         Creating directory "C:\temp\GetOSVersion\Release\".
       InitializeBuildStatus:
         Creating "Release\GetOSVersion.unsuccessfulbuild" because "AlwaysCreate" was specified.
       ClCompile:
         C:\Microsoft Visual Studio 10.0\VC\bin\CL.exe /c /Zi /nologo /W3 /WX- /O2 /Oi /Oy- /GL /D WIN32 /D NDEBUG /D _CONSOLE /D _UNICODE /D UNICODE /Gm- /EHsc /MD /GS /Gy /fp:precise /Zc:wchar_t /Zc:forScope /Yc"StdAfx.h" /Fp"Release\GetOSVersion.pch" /Fo"Release\\" /Fd"Release\vc100.pdb" /Gd /TP /analyze- /errorReport:prompt stdafx.cpp
         stdafx.cpp
         C:\Microsoft Visual Studio 10.0\VC\bin\CL.exe /c /Zi /nologo /W3 /WX- /O2 /Oi /Oy- /GL /D WIN32 /D NDEBUG /D _CONSOLE /D _UNICODE /D UNICODE /Gm- /EHsc /MD /GS /Gy /fp:precise /Zc:wchar_t /Zc:forScope /Yu"StdAfx.h" /Fp"Release\GetOSVersion.pch" /Fo"Release\\" /Fd"Release\vc100.pdb" /Gd /TP /analyze- /errorReport:prompt GetOSVersion.cpp
         GetOSVersion.cpp
     1>GetOSVersion.cpp(45): warning C4996: 'scanf': This function or variable may be unsafe. Consider using scanf_s instead. To disable deprecation, use _CRT_SECURE_NO_WARNINGS. See online help for details.
                 C:\Microsoft Visual Studio 10.0\VC\include\stdio.h(304) : see declaration of 'scanf'
       Link:
         C:\Microsoft Visual Studio 10.0\VC\bin\link.exe /ERRORREPORT:PROMPT /OUT:"C:\temp\GetOSVersion\Release\GetOSVersion.exe" /INCREMENTAL:NO /NOLOGO kernel32.lib user32.lib gdi32.lib winspool.lib comdlg32.lib advapi32.lib shell32.lib ole32.lib oleaut32.lib uuid.lib odbc32.lib odbccp32.lib /MANIFEST /ManifestFile:"Release\GetOSVersion.exe.intermediate.manifest" /MANIFESTUAC:"level='asInvoker' uiAccess='false'" /DEBUG /PDB:"C:\temp\GetOSVersion\Release\GetOSVersion.pdb" /SUBSYSTEM:CONSOLE /OPT:REF /OPT:ICF /LTCG /TLBID:1 /DYNAMICBASE /NXCOMPAT /IMPLIB:"C:\temp\GetOSVersion\Release\GetOSVersion.lib" /MACHINE:X86 Release\GetOSVersion.obj
         Release\stdafx.obj
         Generating code
         Finished generating code
         GetOSVersion.vcxproj -> C:\temp\GetOSVersion\Release\GetOSVersion.exe
       Manifest:
         c:\Program Files (x86)\Microsoft SDKs\Windows\v7.0A\bin\mt.exe /nologo /verbose /outputresource:"C:\temp\GetOSVersion\Release\GetOSVersion.exe;#1" /manifest Release\GetOSVersion.exe.intermediate.manifest
       FinalizeBuildStatus:
         Deleting file "Release\GetOSVersion.unsuccessfulbuild".
         Touching "Release\GetOSVersion.lastbuildstate".
     1>Done Building Project "C:\temp\GetOSVersion\GetOSVersion\GetOSVersion.vcxproj" (build target(s)).

Build succeeded.

Time Elapsed 00:00:02.48
