Build started 8/17/2011 11:54:30 AM.
     1>Project "C:\temp\GetOSVersion\GetOSVersion\GetOSVersion.vcxproj" on node 2 (build target(s)).
     1>InitializeBuildStatus:
         Creating "Debug\GetOSVersion.unsuccessfulbuild" because "AlwaysCreate" was specified.
       ClCompile:
         All outputs are up-to-date.
         C:\Microsoft Visual Studio 10.0\VC\bin\CL.exe /c /ZI /nologo /W3 /WX- /Od /Oy- /D WIN32 /D _DEBUG /D _CONSOLE /D _UNICODE /D UNICODE /Gm /EHsc /RTC1 /MDd /GS /fp:precise /Zc:wchar_t /Zc:forScope /Yu"StdAfx.h" /Fp"Debug\GetOSVersion.pch" /Fo"Debug\\" /Fd"Debug\vc100.pdb" /Gd /TP /analyze- /errorReport:prompt GetOSVersion.cpp
         GetOSVersion.cpp
     1>c:\temp\getosversion\getosversion\getosversion.cpp(45): warning C4996: 'scanf': This function or variable may be unsafe. Consider using scanf_s instead. To disable deprecation, use _CRT_SECURE_NO_WARNINGS. See online help for details.
                 c:\microsoft visual studio 10.0\vc\include\stdio.h(304) : see declaration of 'scanf'
       ManifestResourceCompile:
         All outputs are up-to-date.
       Link:
         C:\Microsoft Visual Studio 10.0\VC\bin\link.exe /ERRORREPORT:PROMPT /OUT:"C:\temp\GetOSVersion\Debug\GetOSVersion.exe" /INCREMENTAL /NOLOGO kernel32.lib user32.lib gdi32.lib winspool.lib comdlg32.lib advapi32.lib shell32.lib ole32.lib oleaut32.lib uuid.lib odbc32.lib odbccp32.lib /MANIFEST /ManifestFile:"Debug\GetOSVersion.exe.intermediate.manifest" /MANIFESTUAC:"level='asInvoker' uiAccess='false'" /DEBUG /PDB:"C:\temp\GetOSVersion\Debug\GetOSVersion.pdb" /SUBSYSTEM:CONSOLE /TLBID:1 /DYNAMICBASE /NXCOMPAT /IMPLIB:"C:\temp\GetOSVersion\Debug\GetOSVersion.lib" /MACHINE:X86 Debug\GetOSVersion.exe.embed.manifest.res
         Debug\GetOSVersion.obj
         Debug\stdafx.obj
       Manifest:
         c:\Program Files (x86)\Microsoft SDKs\Windows\v7.0A\bin\mt.exe /nologo /verbose /out:"Debug\GetOSVersion.exe.embed.manifest" /manifest Debug\GetOSVersion.exe.intermediate.manifest
         All outputs are up-to-date.
       LinkEmbedManifest:
         All outputs are up-to-date.
         GetOSVersion.vcxproj -> C:\temp\GetOSVersion\Debug\GetOSVersion.exe
       FinalizeBuildStatus:
         Deleting file "Debug\GetOSVersion.unsuccessfulbuild".
         Touching "Debug\GetOSVersion.lastbuildstate".
     1>Done Building Project "C:\temp\GetOSVersion\GetOSVersion\GetOSVersion.vcxproj" (build target(s)).

Build succeeded.

Time Elapsed 00:00:01.35
